<?xml version="1.0" encoding="UTF-8"?>
<!-- Generated by org.testng.reporters.JUnitReportReporter -->
<testsuite hostname="DESKTOP-OVJ75DL" failures="0" tests="1" name="TestNG.Basic_TestNG" time="0.009" errors="0" timestamp="2022-11-01T16:35:00 IST" skipped="0">
  <testcase classname="TestNG.Basic_TestNG" name="BusinessLogic" time="0.009"/>
  <system-out/>
</testsuite> <!-- TestNG.Basic_TestNG -->
