<?xml version="1.0" encoding="UTF-8"?>
<!-- Generated by org.testng.reporters.JUnitReportReporter -->
<testsuite hostname="DESKTOP-OVJ75DL" failures="0" tests="2" name="ParallelDemo.B" time="0.036" errors="0" timestamp="2022-11-05T16:52:53 IST" skipped="0">
  <testcase classname="ParallelDemo.B" name="testcase3" time="0.018"/>
  <system-out/>
  <testcase classname="ParallelDemo.B" name="testcase3" time="0.018"/>
  <system-out/>
</testsuite> <!-- ParallelDemo.B -->
