<?xml version="1.0" encoding="UTF-8"?>
<!-- Generated by org.testng.reporters.JUnitReportReporter -->
<testsuite hostname="DESKTOP-OVJ75DL" failures="0" tests="1" name="ParallelDemo.C" time="0.019" errors="0" timestamp="2022-11-05T16:45:11 IST" skipped="0">
  <testcase classname="ParallelDemo.C" name="testcase4" time="0.019"/>
  <system-out/>
</testsuite> <!-- ParallelDemo.C -->
