<?xml version="1.0" encoding="UTF-8"?>
<!-- Generated by org.testng.reporters.JUnitReportReporter -->
<testsuite hostname="DESKTOP-OVJ75DL" failures="0" tests="2" name="Run_Falied_Test_Cases.Execute2" time="0.006" errors="0" timestamp="2022-11-06T14:06:58 IST" skipped="0">
  <testcase classname="Run_Falied_Test_Cases.Execute2" name="testcase4" time="0.002"/>
  <system-out/>
  <testcase classname="Run_Falied_Test_Cases.Execute2" name="testcase3" time="0.004"/>
  <system-out/>
</testsuite> <!-- Run_Falied_Test_Cases.Execute2 -->
