<?xml version="1.0" encoding="UTF-8"?>
<!-- Generated by org.testng.reporters.JUnitReportReporter -->
<testsuite hostname="DESKTOP-OVJ75DL" failures="0" tests="2" name="TestNG.Single_Test" time="86.712" errors="0" timestamp="2022-11-02T16:05:07 IST" skipped="0">
  <testcase classname="TestNG.Single_Test" name="businesslogic_2" time="43.730"/>
  <system-out/>
  <testcase classname="TestNG.Single_Test" name="businesslogic_1" time="42.982"/>
  <system-out/>
</testsuite> <!-- TestNG.Single_Test -->
