<?xml version="1.0" encoding="UTF-8"?>
<!-- Generated by org.testng.reporters.JUnitReportReporter -->
<testsuite hostname="DESKTOP-OVJ75DL" failures="0" tests="2" name="ParallelDemo.D" time="0.017" errors="0" timestamp="2022-11-05T17:06:38 IST" skipped="0">
  <testcase classname="ParallelDemo.D" name="instances2" time="0.002"/>
  <system-out/>
  <testcase classname="ParallelDemo.D" name="instances" time="0.015"/>
  <system-out/>
</testsuite> <!-- ParallelDemo.D -->
