<?xml version="1.0" encoding="UTF-8"?>
<!-- Generated by org.testng.reporters.JUnitReportReporter -->
<testsuite hostname="DESKTOP-OVJ75DL" failures="0" tests="5" name="TestNG.Complete_TestNG" time="45.885" errors="0" timestamp="2022-11-05T14:09:15 IST" skipped="0">
  <testcase classname="TestNG.Complete_TestNG" name="lunchsite1" time="19.468"/>
  <system-out/>
  <testcase classname="TestNG.Complete_TestNG" name="login2" time="24.575"/>
  <system-out/>
  <testcase classname="TestNG.Complete_TestNG" name="currenturl3" time="0.016"/>
  <system-out/>
  <testcase classname="TestNG.Complete_TestNG" name="titletest4" time="0.020"/>
  <system-out/>
  <testcase classname="TestNG.Complete_TestNG" name="screenshot" time="1.806"/>
  <system-out/>
</testsuite> <!-- TestNG.Complete_TestNG -->
