<?xml version="1.0" encoding="UTF-8"?>
<!-- Generated by org.testng.reporters.JUnitReportReporter -->
<testsuite hostname="DESKTOP-OVJ75DL" failures="0" tests="1" name="TestNG_Listners.Test_Listner" time="0.016" errors="0" timestamp="2022-11-06T14:58:09 IST" skipped="0">
  <testcase classname="TestNG_Listners.Test_Listner" name="testcase1" time="0.016"/>
  <system-out/>
</testsuite> <!-- TestNG_Listners.Test_Listner -->
