<?xml version="1.0" encoding="UTF-8"?>
<!-- Generated by org.testng.reporters.JUnitReportReporter -->
<testsuite hostname="DESKTOP-OVJ75DL" failures="0" tests="2" name="AssertionDemo.SofAssertonDemo" time="0.021" errors="0" timestamp="2022-11-06T15:44:26 IST" skipped="0">
  <testcase classname="AssertionDemo.SofAssertonDemo" name="testcase2" time="0.002"/>
  <system-out/>
  <testcase classname="AssertionDemo.SofAssertonDemo" name="testcase1" time="0.019"/>
  <system-out/>
</testsuite> <!-- AssertionDemo.SofAssertonDemo -->
