<?xml version="1.0" encoding="UTF-8"?>
<!-- Generated by org.testng.reporters.JUnitReportReporter -->
<testsuite hostname="DESKTOP-OVJ75DL" failures="0" tests="3" name="ParallelDemo.E" time="0.070" errors="0" timestamp="2022-11-05T21:20:51 IST" skipped="0">
  <testcase classname="ParallelDemo.E" name="m1" time="0.022"/>
  <system-out/>
  <testcase classname="ParallelDemo.E" name="m1" time="0.026"/>
  <system-out/>
  <testcase classname="ParallelDemo.E" name="m1" time="0.022"/>
  <system-out/>
</testsuite> <!-- ParallelDemo.E -->
