<?xml version="1.0" encoding="UTF-8"?>
<!-- Generated by org.testng.reporters.JUnitReportReporter -->
<testsuite hostname="DESKTOP-OVJ75DL" failures="0" tests="1" name="TestNG.Windows_Based_Popup_Handling" time="0.014" errors="0" timestamp="2022-11-05T14:52:43 IST" skipped="0">
  <testcase classname="TestNG.Windows_Based_Popup_Handling" name="aftersuite" time="0.014"/>
  <system-out/>
</testsuite> <!-- TestNG.Windows_Based_Popup_Handling -->
