<?xml version="1.0" encoding="UTF-8"?>
<!-- Generated by org.testng.reporters.JUnitReportReporter -->
<testsuite hostname="DESKTOP-OVJ75DL" failures="0" tests="3" name="TestNG.Complete_TestNG" time="33.304" errors="0" timestamp="2022-11-05T15:05:41 IST" skipped="0">
  <testcase classname="TestNG.Complete_TestNG" name="lunchsite1" time="5.796"/>
  <system-out/>
  <testcase classname="TestNG.Complete_TestNG" name="login2" time="25.982"/>
  <system-out/>
  <testcase classname="TestNG.Complete_TestNG" name="screenshot" time="1.526"/>
  <system-out/>
</testsuite> <!-- TestNG.Complete_TestNG -->
