<?xml version="1.0" encoding="UTF-8"?>
<!-- Generated by org.testng.reporters.JUnitReportReporter -->
<testsuite hostname="DESKTOP-OVJ75DL" failures="0" tests="5" name="TestNG.Complete_TestNG" time="69.422" errors="0" timestamp="2022-11-04T23:19:21 IST" skipped="0">
  <testcase classname="TestNG.Complete_TestNG" name="lunchsite1" time="18.582"/>
  <system-out/>
  <testcase classname="TestNG.Complete_TestNG" name="login2" time="25.582"/>
  <system-out/>
  <testcase classname="TestNG.Complete_TestNG" name="login2" time="25.239"/>
  <system-out/>
  <testcase classname="TestNG.Complete_TestNG" name="currenturl3" time="0.010"/>
  <system-out/>
  <testcase classname="TestNG.Complete_TestNG" name="titletest4" time="0.009"/>
  <system-out/>
</testsuite> <!-- TestNG.Complete_TestNG -->
